This is pdfTeXk, Version 3.141592-1.40.3 (Web2C 7.5.6) (format=pdflatex 2008.11.2)  3 NOV 2008 21:04
entering extended mode
 %&-line parsing enabled.
**edpm-paper.tex
(./edpm-paper.tex
LaTeX2e <2005/12/01>
Babel <v3.8h> and hyphenation patterns for english, usenglishmax, dumylang, noh
yphenation, loaded.
(/usr/share/texmf-texlive/tex/latex/base/article.cls
Document Class: article 2005/09/16 v1.4f Standard LaTeX document class
(/usr/share/texmf-texlive/tex/latex/base/size11.clo
File: size11.clo 2005/09/16 v1.4f Standard LaTeX file (size option)
)
\c@part=\count79
\c@section=\count80
\c@subsection=\count81
\c@subsubsection=\count82
\c@paragraph=\count83
\c@subparagraph=\count84
\c@figure=\count85
\c@table=\count86
\abovecaptionskip=\skip41
\belowcaptionskip=\skip42
\bibindent=\dimen102
) (./acl08.sty
Conference Style for ACL 2005 -- released Octobe 11, 2004
\titlebox=\skip43
) (/usr/share/texmf-texlive/tex/latex/psnfss/times.sty
Package: times 2005/04/12 PSNFSS-v9.2a (SPQR) 
)
(/usr/share/texmf-texlive/tex/latex/base/latexsym.sty
Package: latexsym 1998/08/17 v2.2e Standard LaTeX package (lasy symbols)
\symlasy=\mathgroup4
LaTeX Font Info:    Overwriting symbol font `lasy' in version `bold'
(Font)                  U/lasy/m/n --> U/lasy/b/n on input line 47.
)
(/usr/share/texmf-texlive/tex/latex/amsmath/amsmath.sty
Package: amsmath 2000/07/18 v2.13 AMS math features
\@mathmargin=\skip44

For additional information on amsmath, use the `?' option.
(/usr/share/texmf-texlive/tex/latex/amsmath/amstext.sty
Package: amstext 2000/06/29 v2.01

(/usr/share/texmf-texlive/tex/latex/amsmath/amsgen.sty
File: amsgen.sty 1999/11/30 v2.0
\@emptytoks=\toks14
\ex@=\dimen103
))
(/usr/share/texmf-texlive/tex/latex/amsmath/amsbsy.sty
Package: amsbsy 1999/11/29 v1.2d
\pmbraise@=\dimen104
)
(/usr/share/texmf-texlive/tex/latex/amsmath/amsopn.sty
Package: amsopn 1999/12/14 v2.01 operator names
)
\inf@bad=\count87
LaTeX Info: Redefining \frac on input line 211.
\uproot@=\count88
\leftroot@=\count89
LaTeX Info: Redefining \overline on input line 307.
\classnum@=\count90
\DOTSCASE@=\count91
LaTeX Info: Redefining \ldots on input line 379.
LaTeX Info: Redefining \dots on input line 382.
LaTeX Info: Redefining \cdots on input line 467.
\Mathstrutbox@=\box26
\strutbox@=\box27
\big@size=\dimen105
LaTeX Font Info:    Redeclaring font encoding OML on input line 567.
LaTeX Font Info:    Redeclaring font encoding OMS on input line 568.
\macc@depth=\count92
\c@MaxMatrixCols=\count93
\dotsspace@=\muskip10
\c@parentequation=\count94
\dspbrk@lvl=\count95
\tag@help=\toks15
\row@=\count96
\column@=\count97
\maxfields@=\count98
\andhelp@=\toks16
\eqnshift@=\dimen106
\alignsep@=\dimen107
\tagshift@=\dimen108
\tagwidth@=\dimen109
\totwidth@=\dimen110
\lineht@=\dimen111
\@envbody=\toks17
\multlinegap=\skip45
\multlinetaggap=\skip46
\mathdisplay@stack=\toks18
LaTeX Info: Redefining \[ on input line 2666.
LaTeX Info: Redefining \] on input line 2667.
)
(/usr/share/texmf-texlive/tex/latex/tools/dcolumn.sty
Package: dcolumn 2001/05/28 v1.06 decimal alignment package (DPC)

(/usr/share/texmf-texlive/tex/latex/tools/array.sty
Package: array 2005/08/23 v2.4b Tabular extension package (FMi)
\col@sep=\dimen112
\extrarowheight=\dimen113
\NC@list=\toks19
\extratabsurround=\skip47
\backup@length=\skip48
))
(/usr/share/texmf-texlive/tex/latex/ltxmisc/url.sty
\Urlmuskip=\muskip11
Package: url 2005/06/27  ver 3.2  Verb mode for urls, etc.
)
(/usr/share/texmf-texlive/tex/latex/comment/comment.sty
\CommentStream=\write3

Excluding comment 'comment')
(/usr/share/texmf-texlive/tex/latex/graphics/graphicx.sty
Package: graphicx 1999/02/16 v1.0f Enhanced LaTeX Graphics (DPC,SPQR)

(/usr/share/texmf-texlive/tex/latex/graphics/keyval.sty
Package: keyval 1999/03/16 v1.13 key=value parser (DPC)
\KV@toks@=\toks20
)
(/usr/share/texmf-texlive/tex/latex/graphics/graphics.sty
Package: graphics 2006/02/20 v1.0o Standard LaTeX Graphics (DPC,SPQR)

(/usr/share/texmf-texlive/tex/latex/graphics/trig.sty
Package: trig 1999/03/16 v1.09 sin cos tan (DPC)
)
(/etc/texmf/tex/latex/config/graphics.cfg
File: graphics.cfg 2007/01/18 v1.5 graphics configuration of teTeX/TeXLive
)
Package graphics Info: Driver file: pdftex.def on input line 90.

(/usr/share/texmf-texlive/tex/latex/pdftex-def/pdftex.def
File: pdftex.def 2007/01/08 v0.04d Graphics/color for pdfTeX
\Gread@gobject=\count99
))
\Gin@req@height=\dimen114
\Gin@req@width=\dimen115
) (./qtree.sty
Package: 2006/07/10 v.3.1Qtree: tree-drawing for linguistics
Package: qtree 2006/07/10 v.3.1Qtree: tree-drawing for linguistics
(/usr/share/texmf-texlive/tex/latex/pict2e/pict2e.sty
Package: pict2e 2006/03/05 v0.2s Improved picture commands (HjG,RN)

(/etc/texmf/tex/latex/pict2e/pict2e.cfg
File: pict2e.cfg 2004/06/25 v0.1r pict2e configuration for teTeX/TeXLive
)
Package pict2e Info: Driver file: pdftex.def on input line 99.
Package pict2e Info: Driver file for pict2e: p2e-pdftex.def on input line 101.

(/usr/share/texmf-texlive/tex/latex/pict2e/p2e-pdftex.def
File: p2e-pdftex.def 2004/06/25 v0.1r Driver-dependant file (RN,HjG)
)
\pIIe@GRAPH=\toks21
)
\c@treecount=\count100
\c@branchcount=\count101
\parentbox=\box28
\treebox=\box29
\treeboxone=\box30
\treeboxtwo=\box31
\treeboxthree=\box32
\treeboxfour=\box33
\treeboxfive=\box34
\treeboxsix=\box35
\treeboxseven=\box36
\treeboxeight=\box37
\treeboxnine=\box38
\treeboxten=\box39
\treeboxeleven=\box40
\treeboxtwelve=\box41
\treeboxthirteen=\box42
\treeboxfourteen=\box43
\treeboxfifteen=\box44
\treeboxsixteen=\box45
\treeboxseventeen=\box46
\treeboxeighteen=\box47
\treeboxnineteen=\box48
\treeboxtwenty=\box49
\treeoffsetone=\skip49
\treeoffsettwo=\skip50
\treeoffsetthree=\skip51
\treeoffsetfour=\skip52
\treeoffsetfive=\skip53
\treeoffsetsix=\skip54
\treeoffsetseven=\skip55
\treeoffseteight=\skip56
\treeoffsetnine=\skip57
\treeoffsetten=\skip58
\treeoffseteleven=\skip59
\treeoffsettwelve=\skip60
\treeoffsetthirteen=\skip61
\treeoffsetfourteen=\skip62
\treeoffsetfifteen=\skip63
\treeoffsetsixteen=\skip64
\treeoffsetseventeen=\skip65
\treeoffseteighteen=\skip66
\treeoffsetnineteen=\skip67
\treeoffsettwenty=\skip68
\treeshiftone=\skip69
\treeshifttwo=\skip70
\treeshiftthree=\skip71
\treeshiftfour=\skip72
\treeshiftfive=\skip73
\treeshiftsix=\skip74
\treeshiftseven=\skip75
\treeshifteight=\skip76
\treeshiftnine=\skip77
\treeshiftten=\skip78
\treeshifteleven=\skip79
\treeshifttwelve=\skip80
\treeshiftthirteen=\skip81
\treeshiftfourteen=\skip82
\treeshiftfifteen=\skip83
\treeshiftsixteen=\skip84
\treeshiftseventeen=\skip85
\treeshifteighteen=\skip86
\treeshiftnineteen=\skip87
\treeshifttwenty=\skip88
\treewidthone=\skip89
\treewidthtwo=\skip90
\treewidththree=\skip91
\treewidthfour=\skip92
\treewidthfive=\skip93
\treewidthsix=\skip94
\treewidthseven=\skip95
\treewidtheight=\skip96
\treewidthnine=\skip97
\treewidthten=\skip98
\treewidtheleven=\skip99
\treewidthtwelve=\skip100
\treewidththirteen=\skip101
\treewidthfourteen=\skip102
\treewidthfifteen=\skip103
\treewidthsixteen=\skip104
\treewidthseventeen=\skip105
\treewidtheighteen=\skip106
\treewidthnineteen=\skip107
\treewidthtwenty=\skip108
\daughteroffsetone=\skip109
\daughteroffsettwo=\skip110
\daughteroffsetthree=\skip111
\daughteroffsetfour=\skip112
\branchwidthone=\skip113
\branchwidthtwo=\skip114
\branchwidththree=\skip115
\branchwidthfour=\skip116
\parentoffset=\skip117
\treeoffset=\skip118
\daughteroffset=\skip119
\branchwidth=\skip120
\parentwidth=\skip121
\treewidth=\skip122
\qta=\toks22
\qtb=\toks23
\nbranches=\count102
\qroofx=\count103
\qroofy=\count104
\@qrscratchbox=\box50
) (./edpm-paper.aux)
\openout1 = `edpm-paper.aux'.

LaTeX Font Info:    Checking defaults for OML/cmm/m/it on input line 71.
LaTeX Font Info:    ... okay on input line 71.
LaTeX Font Info:    Checking defaults for T1/cmr/m/n on input line 71.
LaTeX Font Info:    ... okay on input line 71.
LaTeX Font Info:    Checking defaults for OT1/cmr/m/n on input line 71.
LaTeX Font Info:    ... okay on input line 71.
LaTeX Font Info:    Checking defaults for OMS/cmsy/m/n on input line 71.
LaTeX Font Info:    ... okay on input line 71.
LaTeX Font Info:    Checking defaults for OMX/cmex/m/n on input line 71.
LaTeX Font Info:    ... okay on input line 71.
LaTeX Font Info:    Checking defaults for U/cmr/m/n on input line 71.
LaTeX Font Info:    ... okay on input line 71.
LaTeX Font Info:    Try loading font information for OT1+ptm on input line 71.
(/usr/share/texmf-texlive/tex/latex/psnfss/ot1ptm.fd
File: ot1ptm.fd 2001/06/04 font definitions for OT1/ptm.
)
LaTeX Font Info:    Font shape `OT1/ptm/bx/n' in size <14.4> not available
(Font)              Font shape `OT1/ptm/b/n' tried instead on input line 72.
LaTeX Font Info:    Try loading font information for U+lasy on input line 72.

(/usr/share/texmf-texlive/tex/latex/base/ulasy.fd
File: ulasy.fd 1998/08/17 v2.2e LaTeX symbol font definitions
)
LaTeX Font Info:    Font shape `OT1/ptm/bx/n' in size <12> not available
(Font)              Font shape `OT1/ptm/b/n' tried instead on input line 72.
LaTeX Font Info:    Try loading font information for OT1+pcr on input line 72.

(/usr/share/texmf-texlive/tex/latex/psnfss/ot1pcr.fd
File: ot1pcr.fd 2001/06/04 font definitions for OT1/pcr.
)
LaTeX Font Info:    Try loading font information for OMS+pcr on input line 72.

(/usr/share/texmf-texlive/tex/latex/psnfss/omspcr.fd
File: omspcr.fd 
)
LaTeX Font Info:    Font shape `OMS/pcr/m/n' in size <12> not available
(Font)              Font shape `OMS/cmsy/m/n' tried instead on input line 72.

Underfull \hbox (badness 1237) in paragraph at lines 75--95
\OT1/ptm/m/n/10 es-pe-cially if one in-cor-po-rates prob-a-bilis-tic
 []


Underfull \hbox (badness 1960) in paragraph at lines 96--106
\OT1/ptm/m/n/10 ($[]$), and demon-strate that $\OT1/cmr/m/n/10 ^^A$$[]$
 []


Underfull \hbox (badness 2393) in paragraph at lines 96--106
\OT1/ptm/m/n/10 is su-pe-rior to $\OT1/cmr/m/n/10 ^^A$\OT1/ptm/m/n/10 BLEU and 
$\OT1/cmr/m/n/10 ^^A$\OT1/ptm/m/n/10 TER as a
 []


Underfull \hbox (badness 10000) in paragraph at lines 119--119
\OT1/pcr/m/n/9 ee . washington . edu / people / jgk / dist / edpm/$ \OT1/ptm/m/
n/9 or
 []

LaTeX Font Info:    Font shape `OT1/ptm/bx/n' in size <10.95> not available
(Font)              Font shape `OT1/ptm/b/n' tried instead on input line 165.

Underfull \hbox (badness 1558) in paragraph at lines 158--168
[]\OT1/ptm/m/n/10.95 One di-rec-tion to look for im-prov-ing met-rics
 []

[1{/var/lib/texmf/fonts/map/pdftex/updmap/pdftex.map}




]
Underfull \hbox (badness 1270) in paragraph at lines 184--200
[]\OT1/ptm/m/n/10.95 Keeping to the syn-tac-tic ap-proach, the work
 []


Underfull \hbox (badness 5064) in paragraph at lines 217--223
[]\OT1/ptm/m/n/10.95 This pa-per presents a new met-ric $[]$
 []

<dpm-example-ref.png, id=11, 247.67531pt x 71.52495pt>
File: dpm-example-ref.png Graphic file (type png)

<use dpm-example-ref.png>
<dpm-example-hyp.png, id=12, 289.83281pt x 71.52495pt>
File: dpm-example-hyp.png Graphic file (type png)

<use dpm-example-hyp.png>
Underfull \hbox (badness 8019) in paragraph at lines 291--298
\OT1/ptm/m/n/10.95 sub-tree tu-ples, which is equiv-a-lent (mod-ulo
 []


Underfull \hbox (badness 1968) in paragraph at lines 299--306
[]$[][]$\OT1/ptm/m/n/10.95 , by con-trast, ex-tracts all the sub-
 []


Underfull \hbox (badness 1824) in paragraph at lines 299--306
\OT1/ptm/b/n/10.95 d[]var \OT1/ptm/m/n/10.95 method (again, mod-ulo the depende
ncy-
 []

[2]
LaTeX Font Info:    Font shape `OT1/ptm/bx/n' in size <9> not available
(Font)              Font shape `OT1/ptm/b/n' tried instead on input line 373.
LaTeX Font Info:    Font shape `OT1/ptm/bx/n' in size <10> not available
(Font)              Font shape `OT1/ptm/b/n' tried instead on input line 398.

Underfull \hbox (badness 10000) in paragraph at lines 436--447

 []

<dpm-example-depextract.png, id=18, 289.83281pt x 71.52495pt>
File: dpm-example-depextract.png Graphic file (type png)

<use dpm-example-depextract.png> [3 <./dpm-example-ref.png> <./dpm-example-hyp.
png>] [4 <./dpm-example-depextract.png>]
Overfull \hbox (2.89645pt too wide) in paragraph at lines 681--697
 [][] 
 []


Underfull \vbox (badness 5681) has occurred while \output is active []

 [5]
[6]
LaTeX Font Info:    Font shape `OT1/ptm/bx/sc' in size <10.95> not available
(Font)              Font shape `OT1/ptm/b/sc' tried instead on input line 975.

Underfull \hbox (badness 1132) in paragraph at lines 1027--1027
[]\OT1/ptm/m/n/10 Table 9: Per-sentence $\OML/cmm/m/it/10 r$ \OT1/ptm/m/n/10 of
 length-weighted $\OT1/cmr/m/n/10 ^^A\OML/cmm/m/it/10 s$ \OT1/ptm/m/n/10 with l
ength-weighted $\OT1/cmr/m/n/10 ^^A[]$\OT1/ptm/m/n/10 . Cor-re-la-tions by in-d
i-vid-ual
 []


Underfull \hbox (badness 10000) in paragraph at lines 1054--1061
[]$[]$ \OT1/ptm/m/n/10.95 has the same ad-van-tages as the
 []


Underfull \hbox (badness 1831) in paragraph at lines 1054--1061
\OT1/ptm/m/n/10.95 Owczarzak et al. (2007) \OT1/ptm/b/n/10.95 d[]* \OT1/ptm/m/n
/10.95 mea-sures, but is
 []


Underfull \hbox (badness 1210) in paragraph at lines 1054--1061
\OT1/ptm/m/n/10.95 meth-ods re-quire sub-stan-tially more time to run
 []

[7] (./edpm-paper.bbl
Underfull \hbox (badness 1460) in paragraph at lines 40--44
\OT1/ptm/m/n/10 tion (GALE).  Mis-sion, $\OT1/pcr/m/n/10 http : / / www . darpa
 .
 []

) [8] (./edpm-paper.aux) ) 
Here is how much of TeX's memory you used:
 1924 strings out of 95086
 23841 string characters out of 1183255
 90129 words of memory out of 1500000
 5042 multiletter control sequences out of 10000+50000
 46103 words of font info for 98 fonts, out of 1200000 for 2000
 28 hyphenation exceptions out of 8191
 27i,20n,22p,239b,337s stack positions out of 5000i,500n,6000p,200000b,5000s
{/usr/share/texmf-texlive/fonts/enc/dvips/base/8r.enc
}</usr/share/texmf-texlive/fonts/type1/bluesky/cm/cmmi10.pfb></usr/share/texmf-
texlive/fonts/type1/bluesky/cm/cmmi6.pfb></usr/share/texmf-texlive/fonts/type1/
bluesky/cm/cmmi8.pfb></usr/share/texmf-texlive/fonts/type1/bluesky/cm/cmmi9.pfb
></usr/share/texmf-texlive/fonts/type1/bluesky/cm/cmr10.pfb></usr/share/texmf-t
exlive/fonts/type1/bluesky/cm/cmr12.pfb></usr/share/texmf-texlive/fonts/type1/b
luesky/cm/cmr6.pfb></usr/share/texmf-texlive/fonts/type1/bluesky/cm/cmr8.pfb></
usr/share/texmf-texlive/fonts/type1/bluesky/cm/cmr9.pfb></usr/share/texmf-texli
ve/fonts/type1/bluesky/cm/cmsy10.pfb></usr/share/texmf-texlive/fonts/type1/publ
ic/cmex/fmex8.pfb></usr/share/texmf-texlive/fonts/type1/urw/courier/ucrr8a.pfb>
</usr/share/texmf-texlive/fonts/type1/urw/times/utmb8a.pfb></usr/share/texmf-te
xlive/fonts/type1/urw/times/utmr8a.pfb></usr/share/texmf-texlive/fonts/type1/ur
w/times/utmri8a.pfb>
Output written on edpm-paper.pdf (8 pages, 159800 bytes).
PDF statistics:
 93 PDF objects out of 1000 (max. 8388607)
 0 named destinations out of 1000 (max. 131072)
 16 words of extra memory for PDF output out of 10000 (max. 10000000)

